<?xml version="1.0" encoding="UTF-8"?>
<!-- Generated by org.testng.reporters.JUnitReportReporter -->
<testsuite hostname="LAPTOP-DUIBVCQL" failures="0" tests="1" name="com.Test.Login_Test" time="2.876" errors="0" timestamp="2025-05-26T19:21:08 IST" skipped="0">
  <testcase classname="com.Test.Login_Test" name="launchUrlFromFile" time="2.876"/>
</testsuite> <!-- com.Test.Login_Test -->
