<?xml version="1.0" encoding="UTF-8"?>
<!-- Generated by org.testng.reporters.JUnitReportReporter -->
<testsuite hostname="LAPTOP-DUIBVCQL" failures="0" tests="1" name="com.page.BaseClass" time="6.719" errors="0" timestamp="2025-05-25T20:53:32 IST" skipped="0">
  <testcase classname="com.page.BaseClass" name="setUp" time="6.719"/>
</testsuite> <!-- com.page.BaseClass -->
