<?xml version="1.0" encoding="UTF-8"?>
<!-- Generated by org.testng.reporters.JUnitReportReporter -->
<testsuite hostname="LAPTOP-DUIBVCQL" failures="0" tests="1" name="com.Test.Reg_Test" time="1.779" errors="0" timestamp="2025-05-27T00:17:02 IST" skipped="0">
  <testcase classname="com.Test.Reg_Test" name="withValidloginTest" time="1.779"/>
</testsuite> <!-- com.Test.Reg_Test -->
